<?xml version="1.0" encoding="UTF-8"?>
<!-- Generated by org.testng.reporters.JUnitReportReporter -->
<testsuite hostname="DESKTOP-B2J9EPK" failures="0" tests="12" name="com.datalink.test.LoginTest" time="30.101" errors="0" timestamp="2023-07-25T19:54:33 IST" skipped="0">
  <testcase classname="com.datalink.test.LoginTest" name="readUserData" time="5.491"/>
  <testcase classname="com.datalink.test.LoginTest" name="AddToCart" time="2.161"/>
  <testcase classname="com.datalink.test.LoginTest" name="CheckCart" time="2.151"/>
  <testcase classname="com.datalink.test.LoginTest" name="Checkout" time="2.139"/>
  <testcase classname="com.datalink.test.LoginTest" name="FirstName" time="2.235"/>
  <testcase classname="com.datalink.test.LoginTest" name="LastName" time="2.266"/>
  <testcase classname="com.datalink.test.LoginTest" name="ZipCode" time="2.758"/>
  <testcase classname="com.datalink.test.LoginTest" name="Continue" time="2.177"/>
  <testcase classname="com.datalink.test.LoginTest" name="Finish" time="2.272"/>
  <testcase classname="com.datalink.test.LoginTest" name="BackToHome" time="2.139"/>
  <testcase classname="com.datalink.test.LoginTest" name="MenuBtn" time="2.167"/>
  <testcase classname="com.datalink.test.LoginTest" name="Logout" time="2.145"/>
</testsuite> <!-- com.datalink.test.LoginTest -->
