<?xml version="1.0" encoding="UTF-8"?>
<!-- Generated by org.testng.reporters.JUnitReportReporter -->
<testsuite hostname="DESKTOP-B2J9EPK" failures="0" tests="12" name="com.datalink.test.TestClass" time="17.630" errors="0" timestamp="2023-10-05T13:10:51 IST" skipped="0">
  <testcase classname="com.datalink.test.TestClass" name="readUserData" time="3.884"/>
  <testcase classname="com.datalink.test.TestClass" name="AddToCart" time="1.139"/>
  <testcase classname="com.datalink.test.TestClass" name="CheckCart" time="1.436"/>
  <testcase classname="com.datalink.test.TestClass" name="Checkout" time="1.181"/>
  <testcase classname="com.datalink.test.TestClass" name="FirstName" time="1.389"/>
  <testcase classname="com.datalink.test.TestClass" name="LastName" time="1.376"/>
  <testcase classname="com.datalink.test.TestClass" name="ZipCode" time="1.316"/>
  <testcase classname="com.datalink.test.TestClass" name="Continue" time="1.270"/>
  <testcase classname="com.datalink.test.TestClass" name="Finish" time="1.156"/>
  <testcase classname="com.datalink.test.TestClass" name="BackToHome" time="1.168"/>
  <testcase classname="com.datalink.test.TestClass" name="MenuBtn" time="1.142"/>
  <testcase classname="com.datalink.test.TestClass" name="Logout" time="1.173"/>
</testsuite> <!-- com.datalink.test.TestClass -->
